# JRE version: 7.0_07-b10
# Java VM: Java HotSpot(TM) 64-Bit Server VM (23.3-b01 mixed mode windows-amd64 compressed oops)
Heap
 PSYoungGen      total 213184K, used 52955K [0x00000007d5e00000, 0x00000007e38b0000, 0x0000000800000000)
  eden space 206080K, 25% used [0x00000007d5e00000,0x00000007d9080a00,0x00000007e2740000)
  from space 7104K, 17% used [0x00000007e2f60000,0x00000007e30964c8,0x00000007e3650000)
  to   space 8320K, 0% used [0x00000007e2740000,0x00000007e2740000,0x00000007e2f60000)
 ParOldGen       total 86272K, used 10866K [0x0000000781a00000, 0x0000000786e40000, 0x00000007d5e00000)
  object space 86272K, 12% used [0x0000000781a00000,0x000000078249cb60,0x0000000786e40000)
 PSPermGen       total 24512K, used 24359K [0x000000077c800000, 0x000000077dff0000, 0x0000000781a00000)
  object space 24512K, 99% used [0x000000077c800000,0x000000077dfc9c40,0x000000077dff0000)
GC Heap History (10 events):
Event: 2.208 GC heap before
{Heap before GC invocations=8 (full 0):
 PSYoungGen      total 135488K, used 131616K [0x00000007d5e00000, 0x00000007de820000, 0x0000000800000000)
  eden space 129536K, 100% used [0x00000007d5e00000,0x00000007ddc80000,0x00000007ddc80000)
  from space 5952K, 34% used [0x00000007ddc80000,0x00000007dde88000,0x00000007de250000)
  to   space 5888K, 0% used [0x00000007de260000,0x00000007de260000,0x00000007de820000)
 ParOldGen       total 86272K, used 3210K [0x0000000781a00000, 0x0000000786e40000, 0x00000007d5e00000)
  object space 86272K, 3% used [0x0000000781a00000,0x0000000781d229f0,0x0000000786e40000)
 PSPermGen       total 21248K, used 13822K [0x000000077c800000, 0x000000077dcc0000, 0x0000000781a00000)
  object space 21248K, 65% used [0x000000077c800000,0x000000077d57f998,0x000000077dcc0000)
Event: 2.210 GC heap after
Heap after GC invocations=8 (full 0):
 PSYoungGen      total 135424K, used 594K [0x00000007d5e00000, 0x00000007de820000, 0x0000000800000000)
  eden space 129536K, 0% used [0x00000007d5e00000,0x00000007d5e00000,0x00000007ddc80000)
  from space 5888K, 10% used [0x00000007de260000,0x00000007de2f4860,0x00000007de820000)
  to   space 5952K, 0% used [0x00000007ddc80000,0x00000007ddc80000,0x00000007de250000)
 ParOldGen       total 86272K, used 4987K [0x0000000781a00000, 0x0000000786e40000, 0x00000007d5e00000)
  object space 86272K, 5% used [0x0000000781a00000,0x0000000781eded90,0x0000000786e40000)
 PSPermGen       total 21248K, used 13822K [0x000000077c800000, 0x000000077dcc0000, 0x0000000781a00000)
  object space 21248K, 65% used [0x000000077c800000,0x000000077d57f998,0x000000077dcc0000)
}
Event: 2.655 GC heap before
{Heap before GC invocations=9 (full 0):
 PSYoungGen      total 135424K, used 130130K [0x00000007d5e00000, 0x00000007de820000, 0x0000000800000000)
  eden space 129536K, 100% used [0x00000007d5e00000,0x00000007ddc80000,0x00000007ddc80000)
  from space 5888K, 10% used [0x00000007de260000,0x00000007de2f4860,0x00000007de820000)
  to   space 5952K, 0% used [0x00000007ddc80000,0x00000007ddc80000,0x00000007de250000)
 ParOldGen       total 86272K, used 4987K [0x0000000781a00000, 0x0000000786e40000, 0x00000007d5e00000)
  object space 86272K, 5% used [0x0000000781a00000,0x0000000781eded90,0x0000000786e40000)
 PSPermGen       total 21248K, used 15666K [0x000000077c800000, 0x000000077dcc0000, 0x0000000781a00000)
  object space 21248K, 73% used [0x000000077c800000,0x000000077d74ca80,0x000000077dcc0000)
Event: 2.663 GC heap after
Heap after GC invocations=9 (full 0):
 PSYoungGen      total 135488K, used 2284K [0x00000007d5e00000, 0x00000007e3650000, 0x0000000800000000)
  eden space 129536K, 0% used [0x00000007d5e00000,0x00000007d5e00000,0x00000007ddc80000)
  from space 5952K, 38% used [0x00000007ddc80000,0x00000007ddebb308,0x00000007de250000)
  to   space 7104K, 0% used [0x00000007e2f60000,0x00000007e2f60000,0x00000007e3650000)
 ParOldGen       total 86272K, used 5107K [0x0000000781a00000, 0x0000000786e40000, 0x00000007d5e00000)
  object space 86272K, 5% used [0x0000000781a00000,0x0000000781efcd90,0x0000000786e40000)
 PSPermGen       total 21248K, used 15666K [0x000000077c800000, 0x000000077dcc0000, 0x0000000781a00000)
  object space 21248K, 73% used [0x000000077c800000,0x000000077d74ca80,0x000000077dcc0000)
}
Event: 3.427 GC heap before
{Heap before GC invocations=10 (full 0):
 PSYoungGen      total 135488K, used 131820K [0x00000007d5e00000, 0x00000007e3650000, 0x0000000800000000)
  eden space 129536K, 100% used [0x00000007d5e00000,0x00000007ddc80000,0x00000007ddc80000)
  from space 5952K, 38% used [0x00000007ddc80000,0x00000007ddebb308,0x00000007de250000)
  to   space 7104K, 0% used [0x00000007e2f60000,0x00000007e2f60000,0x00000007e3650000)
 ParOldGen       total 86272K, used 5107K [0x0000000781a00000, 0x0000000786e40000, 0x00000007d5e00000)
  object space 86272K, 5% used [0x0000000781a00000,0x0000000781efcd90,0x0000000786e40000)
 PSPermGen       total 22592K, used 22554K [0x000000077c800000, 0x000000077de10000, 0x0000000781a00000)
  object space 22592K, 99% used [0x000000077c800000,0x000000077de06a58,0x000000077de10000)
Event: 3.433 GC heap after
Heap after GC invocations=10 (full 0):
 PSYoungGen      total 213184K, used 7089K [0x00000007d5e00000, 0x00000007e38b0000, 0x0000000800000000)
  eden space 206080K, 0% used [0x00000007d5e00000,0x00000007d5e00000,0x00000007e2740000)
  from space 7104K, 99% used [0x00000007e2f60000,0x00000007e364c568,0x00000007e3650000)
  to   space 8320K, 0% used [0x00000007e2740000,0x00000007e2740000,0x00000007e2f60000)
 ParOldGen       total 86272K, used 6052K [0x0000000781a00000, 0x0000000786e40000, 0x00000007d5e00000)
  object space 86272K, 7% used [0x0000000781a00000,0x0000000781fe9340,0x0000000786e40000)
 PSPermGen       total 22592K, used 22554K [0x000000077c800000, 0x000000077de10000, 0x0000000781a00000)
  object space 22592K, 99% used [0x000000077c800000,0x000000077de06a58,0x000000077de10000)
}
Event: 3.943 GC heap before
{Heap before GC invocations=11 (full 0):
 PSYoungGen      total 213184K, used 213169K [0x00000007d5e00000, 0x00000007e38b0000, 0x0000000800000000)
  eden space 206080K, 100% used [0x00000007d5e00000,0x00000007e2740000,0x00000007e2740000)
  from space 7104K, 99% used [0x00000007e2f60000,0x00000007e364c568,0x00000007e3650000)
  to   space 8320K, 0% used [0x00000007e2740000,0x00000007e2740000,0x00000007e2f60000)
 ParOldGen       total 86272K, used 6052K [0x0000000781a00000, 0x0000000786e40000, 0x00000007d5e00000)
  object space 86272K, 7% used [0x0000000781a00000,0x0000000781fe9340,0x0000000786e40000)
 PSPermGen       total 23360K, used 23314K [0x000000077c800000, 0x000000077ded0000, 0x0000000781a00000)
  object space 23360K, 99% used [0x000000077c800000,0x000000077dec4880,0x000000077ded0000)
Event: 3.949 GC heap after
Heap after GC invocations=11 (full 0):
 PSYoungGen      total 214400K, used 1752K [0x00000007d5e00000, 0x00000007e38b0000, 0x0000000800000000)
  eden space 206080K, 0% used [0x00000007d5e00000,0x00000007d5e00000,0x00000007e2740000)
  from space 8320K, 21% used [0x00000007e2740000,0x00000007e28f62d8,0x00000007e2f60000)
  to   space 7104K, 0% used [0x00000007e2f60000,0x00000007e2f60000,0x00000007e3650000)
 ParOldGen       total 86272K, used 9796K [0x0000000781a00000, 0x0000000786e40000, 0x00000007d5e00000)
  object space 86272K, 11% used [0x0000000781a00000,0x0000000782391340,0x0000000786e40000)
 PSPermGen       total 23360K, used 23314K [0x000000077c800000, 0x000000077ded0000, 0x0000000781a00000)
  object space 23360K, 99% used [0x000000077c800000,0x000000077dec4880,0x000000077ded0000)
}
Event: 4.447 GC heap before
{Heap before GC invocations=12 (full 0):
 PSYoungGen      total 214400K, used 207832K [0x00000007d5e00000, 0x00000007e38b0000, 0x0000000800000000)
  eden space 206080K, 100% used [0x00000007d5e00000,0x00000007e2740000,0x00000007e2740000)
  from space 8320K, 21% used [0x00000007e2740000,0x00000007e28f62d8,0x00000007e2f60000)
  to   space 7104K, 0% used [0x00000007e2f60000,0x00000007e2f60000,0x00000007e3650000)
 ParOldGen       total 86272K, used 9796K [0x0000000781a00000, 0x0000000786e40000, 0x00000007d5e00000)
  object space 86272K, 11% used [0x0000000781a00000,0x0000000782391340,0x0000000786e40000)
 PSPermGen       total 23936K, used 23798K [0x000000077c800000, 0x000000077df60000, 0x0000000781a00000)
  object space 23936K, 99% used [0x000000077c800000,0x000000077df3d9e0,0x000000077df60000)
Event: 4.450 GC heap after
Heap after GC invocations=12 (full 0):
 PSYoungGen      total 213184K, used 1241K [0x00000007d5e00000, 0x00000007e38b0000, 0x0000000800000000)
  eden space 206080K, 0% used [0x00000007d5e00000,0x00000007d5e00000,0x00000007e2740000)
  from space 7104K, 17% used [0x00000007e2f60000,0x00000007e30964c8,0x00000007e3650000)
  to   space 8320K, 0% used [0x00000007e2740000,0x00000007e2740000,0x00000007e2f60000)
 ParOldGen       total 86272K, used 10866K [0x0000000781a00000, 0x0000000786e40000, 0x00000007d5e00000)
  object space 86272K, 12% used [0x0000000781a00000,0x000000078249cb60,0x0000000786e40000)
 PSPermGen       total 23936K, used 23798K [0x000000077c800000, 0x000000077df60000, 0x0000000781a00000)
  object space 23936K, 99% used [0x000000077c800000,0x000000077df3d9e0,0x000000077df60000)
}

